do {
  require Symbol;
  (
    "Data::Dump",
    sub { ... },
    ["t", "t", "t"],
    {
      Zma => {
               code   => "Util::Run::Child::RWTest reader | a b c d",
               para   => ["x", "y", "z"],
               reader => "pipe",
               reap   => 1,
               size   => "",
             },
      Zmb => {
               code   => "Util::Run::Child::RWTest writer| 1 2 3 4",
               para   => ["u", "y", "w"],
               reap   => 1,
               size   => "",
               writer => "pipe",
             },
      Zmc => {
               code   => "Util::Run::Child::Work work| c c c c",
               para   => ["c", "c", "c"],
               reap   => 1,
               size   => "",
               writer => "pipe",
             },
    },
    bless({
      boottime => undef,
      channel  => {
                    pipe => { reader => Symbol::gensym(), writer => Symbol::gensym() },
                  },
      cmdline  => "/Users/zhouchao/workspace/perl5lib/Util/bin/zrun",
      context  => bless({ -f => "context.conf" }, "Util::Run::Context::Hary"),
      logger   => bless({
                    address  => "/Users/zhouchao/workspace/perl5lib/Util/bin/t/int/Zint.log",
                    logfh    => bless(Symbol::gensym(), "IO::File"),
                    loglevel => 5,
                    proto    => "file",
                  }, "Util::Log"),
      logname  => "",
      mode     => "logger",
      pidfile  => "/Users/zhouchao/workspace/perl5lib/Util/bin/t/int/Zint.pid",
      runname  => "Zint",
      running  => {},
      stopped  => {},
    }, "Util::Run"),
  );
}
("Data::Dump", { -child => 1 })
("Data::Dump", { -child => 1, -loglevel => "DEBUG" })
07:24:55 20120730 <ib/Util/Run.pm>:0279 INFO--> [      Zint]: begin start all...
07:24:55 20120730 <ib/Util/Run.pm>:0958 DEBUG-> [      Zint]: new child with args:
 (
  "Data::Dump",
  {
    code   => sub { ... },
    name   => "Zma",
    para   => ["x", "y", "z"],
    reader => "pipe",
    reap   => 1,
    size   => "",
  },
)
07:24:55 20120730 <ib/Util/Run.pm>:0958 DEBUG-> [      Zint]: new child with args:
 (
  "Data::Dump",
  {
    code   => sub { ... },
    name   => "Zmc",
    para   => ["c", "c", "c"],
    reap   => 1,
    size   => "",
    writer => "pipe",
  },
)
07:24:55 20120730 <ib/Util/Run.pm>:0958 DEBUG-> [      Zint]: new child with args:
 (
  "Data::Dump",
  {
    code   => sub { ... },
    name   => "Zmb",
    para   => ["u", "y", "w"],
    reap   => 1,
    size   => "",
    writer => "pipe",
  },
)
07:24:55 20120730 </Child/Work.pm>:0018 DEBUG-> [       Zmc]: work 0
07:24:55 20120730 <il/Run/Main.pm>:0024 DEBUG-> [      Zint]: arguments:
("Data::Dump", ["t", "t", "t"])
07:24:55 20120730 <il/Run/Main.pm>:0025 DEBUG-> [      Zint]: context:
(
  "Data::Dump",
  bless({ -f => "context.conf" }, "Util::Run::Context::Hary"),
)
07:24:55 20120730 <il/Run/Main.pm>:0029 DEBUG-> [      Zint]: main working hard 0
07:24:57 20120730 </Child/Work.pm>:0018 DEBUG-> [       Zmc]: work 1
07:24:59 20120730 </Child/Work.pm>:0018 DEBUG-> [       Zmc]: work 2
07:25:01 20120730 </Child/Work.pm>:0018 DEBUG-> [       Zmc]: work 3
07:25:03 20120730 </Child/Work.pm>:0018 DEBUG-> [       Zmc]: work 4
07:25:05 20120730 <il/Run/Main.pm>:0029 DEBUG-> [      Zint]: main working hard 1
07:25:05 20120730 </Child/Work.pm>:0018 DEBUG-> [       Zmc]: work 5
07:25:07 20120730 </Child/Work.pm>:0018 DEBUG-> [       Zmc]: work 6
07:25:09 20120730 </Child/Work.pm>:0018 DEBUG-> [       Zmc]: work 7
07:25:11 20120730 </Child/Work.pm>:0018 DEBUG-> [       Zmc]: work 8
07:25:13 20120730 </Child/Work.pm>:0018 DEBUG-> [       Zmc]: work 9
07:25:15 20120730 <il/Run/Main.pm>:0029 DEBUG-> [      Zint]: main working hard 2
07:25:15 20120730 </Child/Work.pm>:0018 DEBUG-> [       Zmc]: work 10
07:25:17 20120730 </Child/Work.pm>:0018 DEBUG-> [       Zmc]: work 11
07:25:18 20120730 <ib/Util/Run.pm>:0865 WARN--> [      Zint]: pid[17334] got SIGTERM
07:25:18 20120730 <ib/Util/Run.pm>:0880 WARN--> [      Zint]: ZLogger will be the second last to die
07:25:18 20120730 <ib/Util/Run.pm>:0888 WARN--> [      Zint]: begin kill Zma pid[17335]
07:25:18 20120730 <ib/Util/Run.pm>:0888 WARN--> [      Zint]: begin kill Zmb pid[17337]
07:25:18 20120730 <ib/Util/Run.pm>:0888 WARN--> [      Zint]: begin kill Zmc pid[17336]
07:25:18 20120730 <ib/Util/Run.pm>:0909 WARN--> [      Zint]: Zint: all child died
