do {
  require Symbol;
  (
    "Data::Dump",
    sub { ... },
    ["t", "t", "t"],
    {
      Zreader => {
                   code   => "/Users/zhouchao/workspace/perl5lib/Util/Run/Child/reader.pl",
                   k1     => "hary",
                   k2     => "zhou",
                   para   => ["u", "y", "w"],
                   reader => "pipe",
                   reap   => 1,
                   size   => "",
                 },
      Zwriter => {
                   code   => "/Users/zhouchao/workspace/perl5lib/Util/Run/Child/writer.pl",
                   para   => ["x", "y", "z"],
                   reap   => 1,
                   size   => "",
                   writer => "pipe",
                 },
    },
    bless({
      boottime => undef,
      channel  => {
                    pipe => { reader => Symbol::gensym(), writer => Symbol::gensym() },
                  },
      cmdline  => "/Users/zhouchao/workspace/perl5lib/Util/bin/zrun",
      context  => bless({ -f => "context.conf" }, "Util::Run::Context::Hary"),
      logger   => bless({
                    address  => "/Users/zhouchao/workspace/perl5lib/Util/bin/t/ext/Zext.log",
                    logfh    => bless(Symbol::gensym(), "IO::File"),
                    loglevel => 5,
                    proto    => "file",
                  }, "Util::Log"),
      logname  => "",
      mode     => "logger",
      pidfile  => "/Users/zhouchao/workspace/perl5lib/Util/bin/t/ext/Zext.pid",
      runname  => "Zext",
      running  => {},
      stopped  => {},
    }, "Util::Run"),
  );
}
18:50:12 20120725 <ib/Util/Run.pm>:0257 INFO--> [      Zext]: begin start all...
18:50:12 20120725 <ib/Util/Run.pm>:0936 DEBUG-> [      Zext]: new child with args:
 (
  "Data::Dump",
  {
    code   => "/Users/zhouchao/workspace/perl5lib/Util/Run/Child/reader.pl",
    k1     => "hary",
    k2     => "zhou",
    name   => "Zreader",
    para   => ["u", "y", "w"],
    reader => "pipe",
    reap   => 1,
    size   => "",
  },
)
18:50:12 20120725 <ib/Util/Run.pm>:1089 DEBUG-> [   Zreader]: exec(/Users/zhouchao/workspace/perl5lib/Util/Run/Child/reader.pl u y w Zreader)
18:50:12 20120725 <ib/Util/Run.pm>:0936 DEBUG-> [      Zext]: new child with args:
 (
  "Data::Dump",
  {
    code   => "/Users/zhouchao/workspace/perl5lib/Util/Run/Child/writer.pl",
    name   => "Zwriter",
    para   => ["x", "y", "z"],
    reap   => 1,
    size   => "",
    writer => "pipe",
  },
)
18:50:12 20120725 <il/Run/Main.pm>:0024 DEBUG-> [      Zext]: arguments:
("Data::Dump", ["t", "t", "t"])
18:50:12 20120725 <ib/Util/Run.pm>:1089 DEBUG-> [   Zwriter]: exec(/Users/zhouchao/workspace/perl5lib/Util/Run/Child/writer.pl x y z Zwriter)
18:50:12 20120725 <il/Run/Main.pm>:0025 DEBUG-> [      Zext]: context:
(
  "Data::Dump",
  bless({ -f => "context.conf" }, "Util::Run::Context::Hary"),
)
18:50:12 20120725 <il/Run/Main.pm>:0029 DEBUG-> [      Zext]: main working hard 0
("Data::Dump", { -child => 1, -loglevel => "debug" })
("Data::Dump", { -child => 1, -loglevel => "debug" })
18:50:22 20120725 <il/Run/Main.pm>:0029 DEBUG-> [      Zext]: main working hard 1
18:50:32 20120725 <il/Run/Main.pm>:0029 DEBUG-> [      Zext]: main working hard 2
18:50:42 20120725 <il/Run/Main.pm>:0029 DEBUG-> [      Zext]: main working hard 3
18:50:52 20120725 <il/Run/Main.pm>:0029 DEBUG-> [      Zext]: main working hard 4
18:51:02 20120725 <il/Run/Main.pm>:0029 DEBUG-> [      Zext]: main working hard 5
18:51:13 20120725 <il/Run/Main.pm>:0029 DEBUG-> [      Zext]: main working hard 6
18:51:23 20120725 <il/Run/Main.pm>:0029 DEBUG-> [      Zext]: main working hard 7
18:51:33 20120725 <il/Run/Main.pm>:0029 DEBUG-> [      Zext]: main working hard 8
18:51:43 20120725 <il/Run/Main.pm>:0029 DEBUG-> [      Zext]: main working hard 9
18:51:53 20120725 <il/Run/Main.pm>:0029 DEBUG-> [      Zext]: main working hard 10
18:51:59 20120725 <ib/Util/Run.pm>:0843 WARN--> [      Zext]: pid[63892] got SIGTERM
18:51:59 20120725 <ib/Util/Run.pm>:0858 WARN--> [      Zext]: ZLogger will be the second last to die
18:51:59 20120725 <ib/Util/Run.pm>:0866 WARN--> [      Zext]: begin kill Zwriter pid[63894]
18:51:59 20120725 <ib/Util/Run.pm>:0866 WARN--> [      Zext]: begin kill Zreader pid[63893]
18:51:59 20120725 <ib/Util/Run.pm>:0887 WARN--> [      Zext]: Zext: all child died
do {
  require Symbol;
  (
    "Data::Dump",
    sub { ... },
    ["t", "t", "t"],
    {
      Zreader => {
                   code   => "/Users/zhouchao/workspace/perl5lib/Util/Run/Child/reader.pl",
                   k1     => "hary",
                   k2     => "zhou",
                   para   => ["u", "y", "w"],
                   reader => "pipe",
                   reap   => 1,
                   size   => "",
                 },
      Zworker => {
                   code => "/Users/zhouchao/workspace/perl5lib/Util/Run/Child/worker.pl",
                   k1 => "v1",
                   k2 => "v2",
                   para => ["u", "y", "w"],
                   reap => 1,
                   size => "",
                 },
      Zwriter => {
                   code   => "/Users/zhouchao/workspace/perl5lib/Util/Run/Child/writer.pl",
                   para   => ["x", "y", "z"],
                   reap   => 1,
                   size   => "",
                   writer => "pipe",
                 },
    },
    bless({
      boottime => undef,
      channel  => {
                    pipe => { reader => Symbol::gensym(), writer => Symbol::gensym() },
                  },
      cmdline  => "/Users/zhouchao/workspace/perl5lib/Util/bin/zrun",
      context  => bless({ -f => "context.conf" }, "Util::Run::Context::Hary"),
      logger   => bless({
                    address  => "/Users/zhouchao/workspace/perl5lib/Util/bin/t/ext/Zext.log",
                    logfh    => bless(Symbol::gensym(), "IO::File"),
                    loglevel => 5,
                    proto    => "file",
                  }, "Util::Log"),
      logname  => "",
      mode     => "logger",
      pidfile  => "/Users/zhouchao/workspace/perl5lib/Util/bin/t/ext/Zext.pid",
      runname  => "Zext",
      running  => {},
      stopped  => {},
    }, "Util::Run"),
  );
}
/Users/zhouchao/workspace/perl5lib/Util/Run/Child/worker.pl is not executable at /Users/zhouchao/workspace/perl5lib/Util/Run.pm line 452.
_check_module[Zworker] failed at /Users/zhouchao/workspace/perl5lib/Util/Run.pm line 372.
_check_module_list error at /Users/zhouchao/workspace/perl5lib/Util/Run.pm line 251.
do {
  require Symbol;
  (
    "Data::Dump",
    sub { ... },
    ["t", "t", "t"],
    {
      Zreader => {
                   code   => "/Users/zhouchao/workspace/perl5lib/Util/Run/Child/reader.pl",
                   k1     => "hary",
                   k2     => "zhou",
                   para   => ["u", "y", "w"],
                   reader => "pipe",
                   reap   => 1,
                   size   => "",
                 },
      Zworker => {
                   code => "/Users/zhouchao/workspace/perl5lib/Util/Run/Child/worker.pl",
                   k1 => "v1",
                   k2 => "v2",
                   para => ["u", "y", "w"],
                   reap => 1,
                   size => "",
                 },
      Zwriter => {
                   code   => "/Users/zhouchao/workspace/perl5lib/Util/Run/Child/writer.pl",
                   para   => ["x", "y", "z"],
                   reap   => 1,
                   size   => "",
                   writer => "pipe",
                 },
    },
    bless({
      boottime => undef,
      channel  => {
                    pipe => { reader => Symbol::gensym(), writer => Symbol::gensym() },
                  },
      cmdline  => "/Users/zhouchao/workspace/perl5lib/Util/bin/zrun",
      context  => bless({ -f => "context.conf" }, "Util::Run::Context::Hary"),
      logger   => bless({
                    address  => "/Users/zhouchao/workspace/perl5lib/Util/bin/t/ext/Zext.log",
                    logfh    => bless(Symbol::gensym(), "IO::File"),
                    loglevel => 5,
                    proto    => "file",
                  }, "Util::Log"),
      logname  => "",
      mode     => "logger",
      pidfile  => "/Users/zhouchao/workspace/perl5lib/Util/bin/t/ext/Zext.pid",
      runname  => "Zext",
      running  => {},
      stopped  => {},
    }, "Util::Run"),
  );
}
18:58:07 20120725 <ib/Util/Run.pm>:0257 INFO--> [      Zext]: begin start all...
18:58:07 20120725 <ib/Util/Run.pm>:0936 DEBUG-> [      Zext]: new child with args:
 (
  "Data::Dump",
  {
    code   => "/Users/zhouchao/workspace/perl5lib/Util/Run/Child/reader.pl",
    k1     => "hary",
    k2     => "zhou",
    name   => "Zreader",
    para   => ["u", "y", "w"],
    reader => "pipe",
    reap   => 1,
    size   => "",
  },
)
18:58:07 20120725 <ib/Util/Run.pm>:1089 DEBUG-> [   Zreader]: exec(/Users/zhouchao/workspace/perl5lib/Util/Run/Child/reader.pl u y w Zreader)
18:58:07 20120725 <ib/Util/Run.pm>:0936 DEBUG-> [      Zext]: new child with args:
 (
  "Data::Dump",
  {
    code   => "/Users/zhouchao/workspace/perl5lib/Util/Run/Child/writer.pl",
    name   => "Zwriter",
    para   => ["x", "y", "z"],
    reap   => 1,
    size   => "",
    writer => "pipe",
  },
)
18:58:07 20120725 <ib/Util/Run.pm>:1089 DEBUG-> [   Zwriter]: exec(/Users/zhouchao/workspace/perl5lib/Util/Run/Child/writer.pl x y z Zwriter)
18:58:07 20120725 <ib/Util/Run.pm>:0936 DEBUG-> [      Zext]: new child with args:
 (
  "Data::Dump",
  {
    code => "/Users/zhouchao/workspace/perl5lib/Util/Run/Child/worker.pl",
    k1   => "v1",
    k2   => "v2",
    name => "Zworker",
    para => ["u", "y", "w"],
    reap => 1,
    size => "",
  },
)
18:58:07 20120725 <il/Run/Main.pm>:0024 DEBUG-> [      Zext]: arguments:
("Data::Dump", ["t", "t", "t"])
18:58:07 20120725 <ib/Util/Run.pm>:1089 DEBUG-> [   Zworker]: exec(/Users/zhouchao/workspace/perl5lib/Util/Run/Child/worker.pl u y w Zworker)
18:58:07 20120725 <il/Run/Main.pm>:0025 DEBUG-> [      Zext]: context:
(
  "Data::Dump",
  bless({ -f => "context.conf" }, "Util::Run::Context::Hary"),
)
18:58:07 20120725 <il/Run/Main.pm>:0029 DEBUG-> [      Zext]: main working hard 0
("Data::Dump", { -child => 1, -loglevel => "debug" })
("Data::Dump", { -child => 1, -loglevel => "debug" })
18:58:17 20120725 <il/Run/Main.pm>:0029 DEBUG-> [      Zext]: main working hard 1
18:58:28 20120725 <il/Run/Main.pm>:0029 DEBUG-> [      Zext]: main working hard 2
18:58:38 20120725 <il/Run/Main.pm>:0029 DEBUG-> [      Zext]: main working hard 3
18:58:48 20120725 <il/Run/Main.pm>:0029 DEBUG-> [      Zext]: main working hard 4
18:58:49 20120725 <ib/Util/Run.pm>:0843 WARN--> [      Zext]: pid[64404] got SIGTERM
18:58:49 20120725 <ib/Util/Run.pm>:0858 WARN--> [      Zext]: ZLogger will be the second last to die
18:58:49 20120725 <ib/Util/Run.pm>:0866 WARN--> [      Zext]: begin kill Zwriter pid[64406]
18:58:49 20120725 <ib/Util/Run.pm>:0866 WARN--> [      Zext]: begin kill Zreader pid[64405]
18:58:49 20120725 <ib/Util/Run.pm>:0866 WARN--> [      Zext]: begin kill Zworker pid[64407]
18:58:49 20120725 <ib/Util/Run.pm>:0887 WARN--> [      Zext]: Zext: all child died
