03:48:00 20120226 <rade/Client.pm>:0146 DEBUG-> [  Zupgrade]: request:
("Data::Dump", { action => "upgrade_check", version => "0.1" })
03:48:00 20120226 <rade/Client.pm>:0342 DEBUG-> [  Zupgrade]: response:
(
  "Data::Dump",
  { action => "upgrade_check", status => 0, version => "0.2" },
)
03:48:00 20120226 <rade/Client.pm>:0165 INFO--> [  Zupgrade]: begin upgrade from version[0.1] to version[0.2]
03:48:00 20120226 <rade/Client.pm>:0197 DEBUG-> [  Zupgrade]: request:
("Data::Dump", { action => "upgrade_list", version => "0.2" })
03:48:00 20120226 <rade/Client.pm>:0342 DEBUG-> [  Zupgrade]: response:
(
  "Data::Dump",
  {
    action  => "upgrade_list",
    list    => ["conf/usvr.conf"],
    status  => 0,
    version => "0.2",
  },
)
03:48:00 20120226 <rade/Client.pm>:0251 DEBUG-> [  Zupgrade]: request:
(
  "Data::Dump",
  {
    action   => "request_file",
    filename => "conf/usvr.conf",
    version  => "0.2",
  },
)
03:48:00 20120226 <rade/Client.pm>:0342 DEBUG-> [  Zupgrade]: response:
(
  "Data::Dump",
  {
    action   => "request_file",
    content  => "this is a test\n",
    filename => "conf/usvr.conf",
    status   => 0,
    version  => "0.2",
  },
)
03:48:00 20120226 <rade/Client.pm>:0308 INFO--> [  Zupgrade]: begin install conf/usvr.conf
03:48:00 20120226 <rade/Client.pm>:0369 WARN--> [  Zupgrade]: >>>>>>>>>>>>>>>Restarting...
03:48:00 20120226 <rade/Client.pm>:0146 DEBUG-> [  Zupgrade]: request:
("Data::Dump", { action => "upgrade_check", version => "0.2" })
03:48:00 20120226 <rade/Client.pm>:0342 DEBUG-> [  Zupgrade]: response:
(
  "Data::Dump",
  { action => "upgrade_check", status => 0, version => "0.3" },
)
03:48:00 20120226 <rade/Client.pm>:0165 INFO--> [  Zupgrade]: begin upgrade from version[0.2] to version[0.3]
03:48:00 20120226 <rade/Client.pm>:0197 DEBUG-> [  Zupgrade]: request:
("Data::Dump", { action => "upgrade_list", version => "0.3" })
03:48:00 20120226 <rade/Client.pm>:0342 DEBUG-> [  Zupgrade]: response:
(
  "Data::Dump",
  {
    action  => "upgrade_list",
    list    => ["conf/usvr.conf"],
    status  => 0,
    version => "0.3",
  },
)
03:48:00 20120226 <rade/Client.pm>:0251 DEBUG-> [  Zupgrade]: request:
(
  "Data::Dump",
  {
    action   => "request_file",
    filename => "conf/usvr.conf",
    version  => "0.3",
  },
)
03:48:00 20120226 <rade/Client.pm>:0342 DEBUG-> [  Zupgrade]: response:
(
  "Data::Dump",
  {
    action   => "request_file",
    content  => "this is a test\n",
    filename => "conf/usvr.conf",
    status   => 0,
    version  => "0.3",
  },
)
03:48:00 20120226 <rade/Client.pm>:0308 INFO--> [  Zupgrade]: begin install conf/usvr.conf
03:48:00 20120226 <rade/Client.pm>:0369 WARN--> [  Zupgrade]: >>>>>>>>>>>>>>>Restarting...
03:48:00 20120226 <rade/Client.pm>:0146 DEBUG-> [  Zupgrade]: request:
("Data::Dump", { action => "upgrade_check", version => "0.3" })
03:48:00 20120226 <rade/Client.pm>:0342 DEBUG-> [  Zupgrade]: response:
(
  "Data::Dump",
  { action => "upgrade_check", status => 0, version => "0.4" },
)
03:48:00 20120226 <rade/Client.pm>:0165 INFO--> [  Zupgrade]: begin upgrade from version[0.3] to version[0.4]
03:48:00 20120226 <rade/Client.pm>:0197 DEBUG-> [  Zupgrade]: request:
("Data::Dump", { action => "upgrade_list", version => "0.4" })
03:48:00 20120226 <rade/Client.pm>:0342 DEBUG-> [  Zupgrade]: response:
(
  "Data::Dump",
  {
    action  => "upgrade_list",
    list    => ["conf/usvr.conf"],
    status  => 0,
    version => "0.4",
  },
)
03:48:00 20120226 <rade/Client.pm>:0251 DEBUG-> [  Zupgrade]: request:
(
  "Data::Dump",
  {
    action   => "request_file",
    filename => "conf/usvr.conf",
    version  => "0.4",
  },
)
03:48:00 20120226 <rade/Client.pm>:0342 DEBUG-> [  Zupgrade]: response:
(
  "Data::Dump",
  {
    action   => "request_file",
    content  => "this is a test\n",
    filename => "conf/usvr.conf",
    status   => 0,
    version  => "0.4",
  },
)
03:48:00 20120226 <rade/Client.pm>:0308 INFO--> [  Zupgrade]: begin install conf/usvr.conf
03:48:00 20120226 <rade/Client.pm>:0369 WARN--> [  Zupgrade]: >>>>>>>>>>>>>>>Restarting...
03:48:00 20120226 <rade/Client.pm>:0146 DEBUG-> [  Zupgrade]: request:
("Data::Dump", { action => "upgrade_check", version => "0.4" })
03:48:00 20120226 <rade/Client.pm>:0342 DEBUG-> [  Zupgrade]: response:
(
  "Data::Dump",
  { action => "upgrade_check", status => 0, version => "0.5" },
)
03:48:00 20120226 <rade/Client.pm>:0165 INFO--> [  Zupgrade]: begin upgrade from version[0.4] to version[0.5]
03:48:00 20120226 <rade/Client.pm>:0197 DEBUG-> [  Zupgrade]: request:
("Data::Dump", { action => "upgrade_list", version => "0.5" })
03:48:00 20120226 <rade/Client.pm>:0342 DEBUG-> [  Zupgrade]: response:
(
  "Data::Dump",
  {
    action  => "upgrade_list",
    list    => [
                 "conf/usvr.conf",
                 "conf/usvr.conf",
                 "conf/usvr.conf",
                 "conf/usvr.conf",
                 "conf/usvr.conf",
               ],
    status  => 0,
    version => "0.5",
  },
)
03:48:00 20120226 <rade/Client.pm>:0251 DEBUG-> [  Zupgrade]: request:
(
  "Data::Dump",
  {
    action   => "request_file",
    filename => "conf/usvr.conf",
    version  => "0.5",
  },
)
03:48:00 20120226 <rade/Client.pm>:0251 DEBUG-> [  Zupgrade]: request:
(
  "Data::Dump",
  {
    action   => "request_file",
    filename => "conf/usvr.conf",
    version  => "0.5",
  },
)
03:48:00 20120226 <rade/Client.pm>:0251 DEBUG-> [  Zupgrade]: request:
(
  "Data::Dump",
  {
    action   => "request_file",
    filename => "conf/usvr.conf",
    version  => "0.5",
  },
)
03:48:00 20120226 <rade/Client.pm>:0251 DEBUG-> [  Zupgrade]: request:
(
  "Data::Dump",
  {
    action   => "request_file",
    filename => "conf/usvr.conf",
    version  => "0.5",
  },
)
03:48:00 20120226 <rade/Client.pm>:0251 DEBUG-> [  Zupgrade]: request:
(
  "Data::Dump",
  {
    action   => "request_file",
    filename => "conf/usvr.conf",
    version  => "0.5",
  },
)
03:48:00 20120226 <rade/Client.pm>:0342 DEBUG-> [  Zupgrade]: response:
(
  "Data::Dump",
  {
    action   => "request_file",
    content  => "this is a test\n",
    filename => "conf/usvr.conf",
    status   => 0,
    version  => "0.5",
  },
)
03:48:00 20120226 <rade/Client.pm>:0308 INFO--> [  Zupgrade]: begin install conf/usvr.conf
03:48:00 20120226 <rade/Client.pm>:0369 WARN--> [  Zupgrade]: >>>>>>>>>>>>>>>Restarting...
03:48:00 20120226 <rade/Client.pm>:0146 DEBUG-> [  Zupgrade]: request:
("Data::Dump", { action => "upgrade_check", version => "0.5" })
03:48:00 20120226 <rade/Client.pm>:0342 DEBUG-> [  Zupgrade]: response:
(
  "Data::Dump",
  { action => "upgrade_check", status => 0, version => "0.6" },
)
03:48:00 20120226 <rade/Client.pm>:0165 INFO--> [  Zupgrade]: begin upgrade from version[0.5] to version[0.6]
03:48:00 20120226 <rade/Client.pm>:0197 DEBUG-> [  Zupgrade]: request:
("Data::Dump", { action => "upgrade_list", version => "0.6" })
03:48:00 20120226 <rade/Client.pm>:0342 DEBUG-> [  Zupgrade]: response:
(
  "Data::Dump",
  {
    action  => "upgrade_list",
    list    => ["conf/usvr.conf"],
    status  => 0,
    version => "0.6",
  },
)
03:48:00 20120226 <rade/Client.pm>:0251 DEBUG-> [  Zupgrade]: request:
(
  "Data::Dump",
  {
    action   => "request_file",
    filename => "conf/usvr.conf",
    version  => "0.6",
  },
)
03:48:00 20120226 <rade/Client.pm>:0342 DEBUG-> [  Zupgrade]: response:
(
  "Data::Dump",
  {
    action   => "request_file",
    content  => "this is a test\n",
    filename => "conf/usvr.conf",
    status   => 0,
    version  => "0.6",
  },
)
03:48:00 20120226 <rade/Client.pm>:0308 INFO--> [  Zupgrade]: begin install conf/usvr.conf
03:48:00 20120226 <rade/Client.pm>:0369 WARN--> [  Zupgrade]: >>>>>>>>>>>>>>>Restarting...
03:48:00 20120226 <rade/Client.pm>:0146 DEBUG-> [  Zupgrade]: request:
("Data::Dump", { action => "upgrade_check", version => "0.6" })
03:48:00 20120226 <rade/Client.pm>:0342 DEBUG-> [  Zupgrade]: response:
(
  "Data::Dump",
  { action => "upgrade_check", status => 0, version => "0.7" },
)
03:48:00 20120226 <rade/Client.pm>:0165 INFO--> [  Zupgrade]: begin upgrade from version[0.6] to version[0.7]
03:48:00 20120226 <rade/Client.pm>:0197 DEBUG-> [  Zupgrade]: request:
("Data::Dump", { action => "upgrade_list", version => "0.7" })
03:48:01 20120226 <rade/Client.pm>:0342 DEBUG-> [  Zupgrade]: response:
(
  "Data::Dump",
  {
    action  => "upgrade_list",
    list    => ["conf/usvr.conf"],
    status  => 0,
    version => "0.7",
  },
)
03:48:01 20120226 <rade/Client.pm>:0251 DEBUG-> [  Zupgrade]: request:
(
  "Data::Dump",
  {
    action   => "request_file",
    filename => "conf/usvr.conf",
    version  => "0.7",
  },
)
03:48:01 20120226 <rade/Client.pm>:0342 DEBUG-> [  Zupgrade]: response:
(
  "Data::Dump",
  {
    action   => "request_file",
    content  => "this is a test\n",
    filename => "conf/usvr.conf",
    status   => 0,
    version  => "0.7",
  },
)
03:48:01 20120226 <rade/Client.pm>:0308 INFO--> [  Zupgrade]: begin install conf/usvr.conf
03:48:01 20120226 <rade/Client.pm>:0369 WARN--> [  Zupgrade]: >>>>>>>>>>>>>>>Restarting...
03:48:01 20120226 <rade/Client.pm>:0146 DEBUG-> [  Zupgrade]: request:
("Data::Dump", { action => "upgrade_check", version => "0.7" })
03:48:01 20120226 <rade/Client.pm>:0342 DEBUG-> [  Zupgrade]: response:
(
  "Data::Dump",
  { action => "upgrade_check", status => 0, version => "0.7" },
)
03:48:11 20120226 <rade/Client.pm>:0146 DEBUG-> [  Zupgrade]: request:
("Data::Dump", { action => "upgrade_check", version => "0.7" })
03:48:11 20120226 <rade/Client.pm>:0342 DEBUG-> [  Zupgrade]: response:
(
  "Data::Dump",
  { action => "upgrade_check", status => 0, version => "0.7" },
)
03:48:21 20120226 <rade/Client.pm>:0146 DEBUG-> [  Zupgrade]: request:
("Data::Dump", { action => "upgrade_check", version => "0.7" })
03:48:21 20120226 <rade/Client.pm>:0342 DEBUG-> [  Zupgrade]: response:
(
  "Data::Dump",
  { action => "upgrade_check", status => 0, version => "0.7" },
)
03:48:31 20120226 <rade/Client.pm>:0146 DEBUG-> [  Zupgrade]: request:
("Data::Dump", { action => "upgrade_check", version => "0.7" })
03:48:31 20120226 <rade/Client.pm>:0342 DEBUG-> [  Zupgrade]: response:
(
  "Data::Dump",
  { action => "upgrade_check", status => 0, version => "0.7" },
)
03:48:41 20120226 <rade/Client.pm>:0146 DEBUG-> [  Zupgrade]: request:
("Data::Dump", { action => "upgrade_check", version => "0.7" })
03:48:41 20120226 <rade/Client.pm>:0342 DEBUG-> [  Zupgrade]: response:
(
  "Data::Dump",
  { action => "upgrade_check", status => 0, version => "0.7" },
)
03:48:51 20120226 <rade/Client.pm>:0146 DEBUG-> [  Zupgrade]: request:
("Data::Dump", { action => "upgrade_check", version => "0.7" })
03:48:51 20120226 <rade/Client.pm>:0342 DEBUG-> [  Zupgrade]: response:
(
  "Data::Dump",
  { action => "upgrade_check", status => 0, version => "0.7" },
)
03:49:01 20120226 <rade/Client.pm>:0146 DEBUG-> [  Zupgrade]: request:
("Data::Dump", { action => "upgrade_check", version => "0.7" })
03:49:01 20120226 <rade/Client.pm>:0342 DEBUG-> [  Zupgrade]: response:
(
  "Data::Dump",
  { action => "upgrade_check", status => 0, version => "0.7" },
)
03:49:11 20120226 <rade/Client.pm>:0146 DEBUG-> [  Zupgrade]: request:
("Data::Dump", { action => "upgrade_check", version => "0.7" })
03:49:11 20120226 <rade/Client.pm>:0342 DEBUG-> [  Zupgrade]: response:
(
  "Data::Dump",
  { action => "upgrade_check", status => 0, version => "0.7" },
)
03:49:21 20120226 <rade/Client.pm>:0146 DEBUG-> [  Zupgrade]: request:
("Data::Dump", { action => "upgrade_check", version => "0.7" })
03:49:21 20120226 <rade/Client.pm>:0342 DEBUG-> [  Zupgrade]: response:
(
  "Data::Dump",
  { action => "upgrade_check", status => 0, version => "0.7" },
)
03:49:31 20120226 <rade/Client.pm>:0146 DEBUG-> [  Zupgrade]: request:
("Data::Dump", { action => "upgrade_check", version => "0.7" })
03:49:31 20120226 <rade/Client.pm>:0342 DEBUG-> [  Zupgrade]: response:
(
  "Data::Dump",
  { action => "upgrade_check", status => 0, version => "0.7" },
)
03:49:41 20120226 <rade/Client.pm>:0146 DEBUG-> [  Zupgrade]: request:
("Data::Dump", { action => "upgrade_check", version => "0.7" })
03:49:41 20120226 <rade/Client.pm>:0342 DEBUG-> [  Zupgrade]: response:
(
  "Data::Dump",
  { action => "upgrade_check", status => 0, version => "0.7" },
)
03:49:51 20120226 <rade/Client.pm>:0146 DEBUG-> [  Zupgrade]: request:
("Data::Dump", { action => "upgrade_check", version => "0.7" })
03:49:51 20120226 <rade/Client.pm>:0342 DEBUG-> [  Zupgrade]: response:
(
  "Data::Dump",
  { action => "upgrade_check", status => 0, version => "0.7" },
)
03:50:01 20120226 <rade/Client.pm>:0146 DEBUG-> [  Zupgrade]: request:
("Data::Dump", { action => "upgrade_check", version => "0.7" })
03:50:01 20120226 <rade/Client.pm>:0342 DEBUG-> [  Zupgrade]: response:
(
  "Data::Dump",
  { action => "upgrade_check", status => 0, version => "0.7" },
)
03:50:11 20120226 <rade/Client.pm>:0146 DEBUG-> [  Zupgrade]: request:
("Data::Dump", { action => "upgrade_check", version => "0.7" })
03:50:11 20120226 <rade/Client.pm>:0342 DEBUG-> [  Zupgrade]: response:
(
  "Data::Dump",
  { action => "upgrade_check", status => 0, version => "0.7" },
)
03:50:21 20120226 <rade/Client.pm>:0146 DEBUG-> [  Zupgrade]: request:
("Data::Dump", { action => "upgrade_check", version => "0.7" })
03:50:21 20120226 <rade/Client.pm>:0342 DEBUG-> [  Zupgrade]: response:
(
  "Data::Dump",
  { action => "upgrade_check", status => 0, version => "0.7" },
)
03:50:31 20120226 <rade/Client.pm>:0146 DEBUG-> [  Zupgrade]: request:
("Data::Dump", { action => "upgrade_check", version => "0.7" })
03:50:31 20120226 <rade/Client.pm>:0342 DEBUG-> [  Zupgrade]: response:
(
  "Data::Dump",
  { action => "upgrade_check", status => 0, version => "0.7" },
)
03:50:41 20120226 <rade/Client.pm>:0146 DEBUG-> [  Zupgrade]: request:
("Data::Dump", { action => "upgrade_check", version => "0.7" })
03:50:41 20120226 <rade/Client.pm>:0342 DEBUG-> [  Zupgrade]: response:
(
  "Data::Dump",
  { action => "upgrade_check", status => 0, version => "0.7" },
)
03:50:51 20120226 <rade/Client.pm>:0146 DEBUG-> [  Zupgrade]: request:
("Data::Dump", { action => "upgrade_check", version => "0.7" })
03:50:51 20120226 <rade/Client.pm>:0342 DEBUG-> [  Zupgrade]: response:
(
  "Data::Dump",
  { action => "upgrade_check", status => 0, version => "0.7" },
)
03:51:01 20120226 <rade/Client.pm>:0146 DEBUG-> [  Zupgrade]: request:
("Data::Dump", { action => "upgrade_check", version => "0.7" })
03:51:01 20120226 <rade/Client.pm>:0342 DEBUG-> [  Zupgrade]: response:
(
  "Data::Dump",
  { action => "upgrade_check", status => 0, version => "0.7" },
)
03:51:11 20120226 <rade/Client.pm>:0146 DEBUG-> [  Zupgrade]: request:
("Data::Dump", { action => "upgrade_check", version => "0.7" })
03:51:11 20120226 <rade/Client.pm>:0342 DEBUG-> [  Zupgrade]: response:
(
  "Data::Dump",
  { action => "upgrade_check", status => 0, version => "0.7" },
)
03:51:21 20120226 <rade/Client.pm>:0146 DEBUG-> [  Zupgrade]: request:
("Data::Dump", { action => "upgrade_check", version => "0.7" })
03:51:21 20120226 <rade/Client.pm>:0342 DEBUG-> [  Zupgrade]: response:
(
  "Data::Dump",
  { action => "upgrade_check", status => 0, version => "0.7" },
)
03:51:31 20120226 <rade/Client.pm>:0146 DEBUG-> [  Zupgrade]: request:
("Data::Dump", { action => "upgrade_check", version => "0.7" })
03:51:31 20120226 <rade/Client.pm>:0342 DEBUG-> [  Zupgrade]: response:
(
  "Data::Dump",
  { action => "upgrade_check", status => 0, version => "0.7" },
)
03:51:41 20120226 <rade/Client.pm>:0146 DEBUG-> [  Zupgrade]: request:
("Data::Dump", { action => "upgrade_check", version => "0.7" })
03:51:41 20120226 <rade/Client.pm>:0342 DEBUG-> [  Zupgrade]: response:
(
  "Data::Dump",
  { action => "upgrade_check", status => 0, version => "0.7" },
)
03:51:51 20120226 <rade/Client.pm>:0146 DEBUG-> [  Zupgrade]: request:
("Data::Dump", { action => "upgrade_check", version => "0.7" })
03:51:51 20120226 <rade/Client.pm>:0342 DEBUG-> [  Zupgrade]: response:
(
  "Data::Dump",
  { action => "upgrade_check", status => 0, version => "0.7" },
)
03:52:01 20120226 <rade/Client.pm>:0146 DEBUG-> [  Zupgrade]: request:
("Data::Dump", { action => "upgrade_check", version => "0.7" })
03:52:01 20120226 <rade/Client.pm>:0342 DEBUG-> [  Zupgrade]: response:
(
  "Data::Dump",
  { action => "upgrade_check", status => 0, version => "0.7" },
)
03:52:11 20120226 <rade/Client.pm>:0146 DEBUG-> [  Zupgrade]: request:
("Data::Dump", { action => "upgrade_check", version => "0.7" })
03:52:11 20120226 <rade/Client.pm>:0342 DEBUG-> [  Zupgrade]: response:
(
  "Data::Dump",
  { action => "upgrade_check", status => 0, version => "0.7" },
)
03:52:21 20120226 <rade/Client.pm>:0146 DEBUG-> [  Zupgrade]: request:
("Data::Dump", { action => "upgrade_check", version => "0.7" })
03:52:21 20120226 <rade/Client.pm>:0342 DEBUG-> [  Zupgrade]: response:
(
  "Data::Dump",
  { action => "upgrade_check", status => 0, version => "0.7" },
)
03:52:31 20120226 <rade/Client.pm>:0146 DEBUG-> [  Zupgrade]: request:
("Data::Dump", { action => "upgrade_check", version => "0.7" })
03:52:31 20120226 <rade/Client.pm>:0342 DEBUG-> [  Zupgrade]: response:
(
  "Data::Dump",
  { action => "upgrade_check", status => 0, version => "0.7" },
)
