10:13:46 20130128 <lib/Util/DB.pm>:0140 INFO--> [      zweb]: begin connect to database...
10:13:46 20130128 <lib/Util/DB.pm>:0161 DEBUG-> [      zweb]: beg set schema to zbp...
10:13:46 20130128 <lib/Util/DB.pm>:0171 DEBUG-> [      zweb]: end set schema to zbp success


10:13:46 20130128 <lib/Util/DB.pm>:0140 INFO--> [      zweb]: begin connect to database...
10:13:46 20130128 <lib/Util/DB.pm>:0161 DEBUG-> [      zweb]: beg set schema to zbp...
10:13:46 20130128 <lib/Util/DB.pm>:0171 DEBUG-> [      zweb]: end set schema to zbp success


10:13:46 20130128 <lib/Util/DB.pm>:0436 DEBUG-> [      zweb]: beg rollback...
10:13:46 20130128 <lib/Util/DB.pm>:0443 DEBUG-> [      zweb]: end rollback success


10:13:46 20130128 <lib/Util/DB.pm>:0436 DEBUG-> [      zweb]: beg rollback...
10:13:46 20130128 <lib/Util/DB.pm>:0443 DEBUG-> [      zweb]: end rollback success


10:17:33 20130128 <lib/Util/DB.pm>:0140 INFO--> [      zweb]: begin connect to database...
10:17:33 20130128 <lib/Util/DB.pm>:0161 DEBUG-> [      zweb]: beg set schema to zbp...
10:17:33 20130128 <lib/Util/DB.pm>:0171 DEBUG-> [      zweb]: end set schema to zbp success


10:17:33 20130128 <lib/Util/DB.pm>:0140 INFO--> [      zweb]: begin connect to database...
10:17:33 20130128 <lib/Util/DB.pm>:0161 DEBUG-> [      zweb]: beg set schema to zbp...
10:17:33 20130128 <lib/Util/DB.pm>:0171 DEBUG-> [      zweb]: end set schema to zbp success


10:17:33 20130128 <lib/Util/DB.pm>:0436 DEBUG-> [      zweb]: beg rollback...
10:17:33 20130128 <lib/Util/DB.pm>:0443 DEBUG-> [      zweb]: end rollback success


10:17:33 20130128 <lib/Util/DB.pm>:0436 DEBUG-> [      zweb]: beg rollback...
10:17:33 20130128 <lib/Util/DB.pm>:0443 DEBUG-> [      zweb]: end rollback success


10:21:26 20130128 <lib/Util/DB.pm>:0140 INFO--> [      zweb]: begin connect to database...
10:21:26 20130128 <lib/Util/DB.pm>:0161 DEBUG-> [      zweb]: beg set schema to zbp...
10:21:26 20130128 <lib/Util/DB.pm>:0171 DEBUG-> [      zweb]: end set schema to zbp success


10:21:26 20130128 <lib/Util/DB.pm>:0140 INFO--> [      zweb]: begin connect to database...
10:21:26 20130128 <lib/Util/DB.pm>:0161 DEBUG-> [      zweb]: beg set schema to zbp...
10:21:26 20130128 <lib/Util/DB.pm>:0171 DEBUG-> [      zweb]: end set schema to zbp success


10:21:26 20130128 <lib/Util/DB.pm>:0436 DEBUG-> [      zweb]: beg rollback...
10:21:26 20130128 <lib/Util/DB.pm>:0443 DEBUG-> [      zweb]: end rollback success


10:21:26 20130128 <lib/Util/DB.pm>:0436 DEBUG-> [      zweb]: beg rollback...
10:21:26 20130128 <lib/Util/DB.pm>:0443 DEBUG-> [      zweb]: end rollback success


10:21:43 20130128 <lib/Util/DB.pm>:0140 INFO--> [      zweb]: begin connect to database...
10:21:43 20130128 <lib/Util/DB.pm>:0161 DEBUG-> [      zweb]: beg set schema to zbp...
10:21:43 20130128 <lib/Util/DB.pm>:0171 DEBUG-> [      zweb]: end set schema to zbp success


10:21:43 20130128 <lib/Util/DB.pm>:0140 INFO--> [      zweb]: begin connect to database...
10:21:43 20130128 <lib/Util/DB.pm>:0161 DEBUG-> [      zweb]: beg set schema to zbp...
10:21:43 20130128 <lib/Util/DB.pm>:0171 DEBUG-> [      zweb]: end set schema to zbp success


10:21:43 20130128 <lib/Util/DB.pm>:0436 DEBUG-> [      zweb]: beg rollback...
10:21:43 20130128 <lib/Util/DB.pm>:0443 DEBUG-> [      zweb]: end rollback success


10:21:43 20130128 <lib/Util/DB.pm>:0436 DEBUG-> [      zweb]: beg rollback...
10:21:43 20130128 <lib/Util/DB.pm>:0443 DEBUG-> [      zweb]: end rollback success


10:24:43 20130128 <lib/Util/DB.pm>:0140 INFO--> [      zweb]: begin connect to database...
10:24:43 20130128 <lib/Util/DB.pm>:0161 DEBUG-> [      zweb]: beg set schema to zbp...
10:24:43 20130128 <lib/Util/DB.pm>:0171 DEBUG-> [      zweb]: end set schema to zbp success


10:24:43 20130128 <lib/Util/DB.pm>:0140 INFO--> [      zweb]: begin connect to database...
10:24:43 20130128 <lib/Util/DB.pm>:0161 DEBUG-> [      zweb]: beg set schema to zbp...
10:24:43 20130128 <lib/Util/DB.pm>:0171 DEBUG-> [      zweb]: end set schema to zbp success


10:24:43 20130128 <lib/Util/DB.pm>:0436 DEBUG-> [      zweb]: beg rollback...
10:24:43 20130128 <lib/Util/DB.pm>:0443 DEBUG-> [      zweb]: end rollback success


10:24:43 20130128 <lib/Util/DB.pm>:0436 DEBUG-> [      zweb]: beg rollback...
10:24:43 20130128 <lib/Util/DB.pm>:0443 DEBUG-> [      zweb]: end rollback success


11:15:09 20130128 <lib/Util/DB.pm>:0140 INFO--> [      zweb]: begin connect to database...
11:15:09 20130128 <lib/Util/DB.pm>:0161 DEBUG-> [      zweb]: beg set schema to zbp...
11:15:09 20130128 <lib/Util/DB.pm>:0171 DEBUG-> [      zweb]: end set schema to zbp success


11:15:09 20130128 <lib/Util/DB.pm>:0140 INFO--> [      zweb]: begin connect to database...
11:15:09 20130128 <lib/Util/DB.pm>:0161 DEBUG-> [      zweb]: beg set schema to zbp...
11:15:09 20130128 <lib/Util/DB.pm>:0171 DEBUG-> [      zweb]: end set schema to zbp success


11:15:09 20130128 <lib/Util/DB.pm>:0436 DEBUG-> [      zweb]: beg rollback...
11:15:09 20130128 <lib/Util/DB.pm>:0443 DEBUG-> [      zweb]: end rollback success


11:15:09 20130128 <lib/Util/DB.pm>:0436 DEBUG-> [      zweb]: beg rollback...
11:15:09 20130128 <lib/Util/DB.pm>:0443 DEBUG-> [      zweb]: end rollback success


