12:39:47 20120712 <ib/Util/Run.pm>:0203 INFO--> [     Zucli]: begin start all...
12:39:47 20120712 <ib/Util/Run.pm>:0877 DEBUG-> [     Zucli]: batch_child args:
 (
  "Data::Dump",
  { code => sub { ... }, name => "Zworker", para => {}, reap => 1, size => 2 },
)
12:39:47 20120712 <ib/Util/Run.pm>:0882 INFO--> [     Zucli]: batch_child[Zworker] size[2] reap[1]
12:39:47 20120712 <ib/Util/Run.pm>:0834 DEBUG-> [     Zucli]: new child with args:
 (
  "Data::Dump",
  { code => sub { ... }, name => "Zupgrade", para => {}, reap => 1, size => 1 },
)
12:39:47 20120712 <ib/Util/Run.pm>:0694 WARN--> [     Zucli]: Zucli pid[37898] got SIGCHLD
12:39:49 20120712 <ib/Util/Run.pm>:0203 INFO--> [     Zucli]: begin start all...
12:39:49 20120712 <ib/Util/Run.pm>:0877 DEBUG-> [     Zucli]: batch_child args:
 (
  "Data::Dump",
  { code => sub { ... }, name => "Zworker", para => {}, reap => 1, size => 2 },
)
12:39:49 20120712 <ib/Util/Run.pm>:0882 INFO--> [     Zucli]: batch_child[Zworker] size[2] reap[1]
12:39:49 20120712 <ib/Util/Run.pm>:0834 DEBUG-> [     Zucli]: new child with args:
 (
  "Data::Dump",
  { code => sub { ... }, name => "Zupgrade", para => {}, reap => 1, size => 1 },
)
12:39:49 20120712 <ib/Util/Run.pm>:0694 WARN--> [     Zucli]: Zucli pid[37901] got SIGCHLD
12:41:16 20120712 <ib/Util/Run.pm>:0203 INFO--> [     Zucli]: begin start all...
12:41:16 20120712 <ib/Util/Run.pm>:0877 DEBUG-> [     Zucli]: batch_child args:
 (
  "Data::Dump",
  { code => sub { ... }, name => "Zworker", para => {}, reap => 1, size => 2 },
)
12:41:16 20120712 <ib/Util/Run.pm>:0882 INFO--> [     Zucli]: batch_child[Zworker] size[2] reap[1]
12:41:16 20120712 <ib/Util/Run.pm>:0834 DEBUG-> [     Zucli]: new child with args:
 (
  "Data::Dump",
  { code => sub { ... }, name => "Zupgrade", para => {}, reap => 1, size => 1 },
)
12:41:16 20120712 <ib/Util/Run.pm>:0694 WARN--> [     Zucli]: Zucli pid[37905] got SIGCHLD
12:43:07 20120712 <ib/Util/Run.pm>:0203 INFO--> [     Zucli]: begin start all...
12:43:07 20120712 <ib/Util/Run.pm>:0877 DEBUG-> [     Zucli]: batch_child args:
 (
  "Data::Dump",
  { code => sub { ... }, name => "Zworker", para => {}, reap => 1, size => 2 },
)
12:43:07 20120712 <ib/Util/Run.pm>:0882 INFO--> [     Zucli]: batch_child[Zworker] size[2] reap[1]
12:43:07 20120712 <ib/Util/Run.pm>:0834 DEBUG-> [     Zucli]: new child with args:
 (
  "Data::Dump",
  { code => sub { ... }, name => "Zupgrade", para => {}, reap => 1, size => 1 },
)
12:43:07 20120712 <ib/Util/Run.pm>:0694 WARN--> [     Zucli]: Zucli pid[38075] got SIGCHLD
16:34:12 20120712 <ib/Util/Run.pm>:0203 INFO--> [     Zucli]: begin start all...
16:34:12 20120712 <ib/Util/Run.pm>:0877 DEBUG-> [     Zucli]: batch_child args:
 (
  "Data::Dump",
  { code => sub { ... }, name => "Zworker", para => {}, reap => 1, size => 2 },
)
16:34:12 20120712 <ib/Util/Run.pm>:0882 INFO--> [     Zucli]: batch_child[Zworker] size[2] reap[1]
16:34:12 20120712 <ib/Util/Run.pm>:0834 DEBUG-> [     Zucli]: new child with args:
 (
  "Data::Dump",
  { code => sub { ... }, name => "Zupgrade", para => {}, reap => 1, size => 1 },
)
16:34:12 20120712 <ib/Util/Run.pm>:0694 WARN--> [     Zucli]: Zucli pid[38192] got SIGCHLD
17:41:53 20120712 <ib/Util/Run.pm>:0763 WARN--> [     Zucli]: pid[38192] got SIGTERM
17:41:53 20120712 <ib/Util/Run.pm>:0776 WARN--> [     Zucli]: ZLogger will be the second last to die
17:41:53 20120712 <ib/Util/Run.pm>:0784 WARN--> [     Zucli]: begin kill Zworker.1 pid[47186]
17:41:53 20120712 <ib/Util/Run.pm>:0784 WARN--> [     Zucli]: begin kill Zworker.0 pid[47185]
17:41:53 20120712 <ib/Util/Run.pm>:0784 WARN--> [     Zucli]: begin kill Zupgrade pid[47187]
17:41:54 20120712 <ib/Util/Run.pm>:0804 WARN--> [     Zucli]: Zucli: all child died
